{"/home/lyt/repos/guess-number-javascript/spec/answerGenerator_spec.js":{"path":"/home/lyt/repos/guess-number-javascript/spec/answerGenerator_spec.js","s":{"1":1,"2":1,"3":1,"4":1,"5":1,"6":4,"7":17,"8":1,"9":1,"10":1,"11":1,"12":1,"13":1,"14":1,"15":1,"16":1,"17":1,"18":1,"19":1,"20":1,"21":1,"22":1,"23":1,"24":1,"25":1,"26":1,"27":1,"28":1,"29":1,"30":1,"31":1},"b":{},"f":{"1":1,"2":4,"3":17,"4":1,"5":1,"6":1,"7":1},"fnMap":{"1":{"name":"(anonymous_1)","line":5,"loc":{"start":{"line":5,"column":28},"end":{"line":5,"column":39}}},"2":{"name":"(anonymous_2)","line":9,"loc":{"start":{"line":9,"column":15},"end":{"line":9,"column":26}}},"3":{"name":"(anonymous_3)","line":10,"loc":{"start":{"line":10,"column":43},"end":{"line":10,"column":54}}},"4":{"name":"(anonymous_4)","line":15,"loc":{"start":{"line":15,"column":39},"end":{"line":15,"column":50}}},"5":{"name":"(anonymous_5)","line":24,"loc":{"start":{"line":24,"column":37},"end":{"line":24,"column":48}}},"6":{"name":"(anonymous_6)","line":33,"loc":{"start":{"line":33,"column":39},"end":{"line":33,"column":50}}},"7":{"name":"(anonymous_7)","line":42,"loc":{"start":{"line":42,"column":34},"end":{"line":42,"column":45}}}},"statementMap":{"1":{"start":{"line":3,"column":0},"end":{"line":3,"column":65}},"2":{"start":{"line":5,"column":0},"end":{"line":50,"column":3}},"3":{"start":{"line":6,"column":4},"end":{"line":6,"column":20}},"4":{"start":{"line":7,"column":4},"end":{"line":7,"column":14}},"5":{"start":{"line":9,"column":4},"end":{"line":13,"column":7}},"6":{"start":{"line":10,"column":8},"end":{"line":12,"column":11}},"7":{"start":{"line":11,"column":12},"end":{"line":11,"column":36}},"8":{"start":{"line":15,"column":4},"end":{"line":22,"column":7}},"9":{"start":{"line":16,"column":8},"end":{"line":16,"column":51}},"10":{"start":{"line":17,"column":8},"end":{"line":17,"column":14}},"11":{"start":{"line":18,"column":8},"end":{"line":18,"column":52}},"12":{"start":{"line":19,"column":8},"end":{"line":19,"column":53}},"13":{"start":{"line":21,"column":8},"end":{"line":21,"column":39}},"14":{"start":{"line":24,"column":4},"end":{"line":31,"column":7}},"15":{"start":{"line":25,"column":8},"end":{"line":25,"column":51}},"16":{"start":{"line":26,"column":8},"end":{"line":26,"column":14}},"17":{"start":{"line":27,"column":8},"end":{"line":27,"column":52}},"18":{"start":{"line":28,"column":8},"end":{"line":28,"column":53}},"19":{"start":{"line":30,"column":8},"end":{"line":30,"column":39}},"20":{"start":{"line":33,"column":4},"end":{"line":40,"column":7}},"21":{"start":{"line":34,"column":8},"end":{"line":34,"column":68}},"22":{"start":{"line":35,"column":8},"end":{"line":35,"column":14}},"23":{"start":{"line":36,"column":8},"end":{"line":36,"column":52}},"24":{"start":{"line":37,"column":8},"end":{"line":37,"column":53}},"25":{"start":{"line":39,"column":8},"end":{"line":39,"column":39}},"26":{"start":{"line":42,"column":4},"end":{"line":49,"column":7}},"27":{"start":{"line":43,"column":8},"end":{"line":43,"column":68}},"28":{"start":{"line":44,"column":8},"end":{"line":44,"column":14}},"29":{"start":{"line":45,"column":8},"end":{"line":45,"column":52}},"30":{"start":{"line":46,"column":8},"end":{"line":46,"column":53}},"31":{"start":{"line":48,"column":8},"end":{"line":48,"column":39}}},"branchMap":{}},"/home/lyt/repos/guess-number-javascript/practices/answerGenerator.js":{"path":"/home/lyt/repos/guess-number-javascript/practices/answerGenerator.js","s":{"1":1,"2":10,"3":1,"4":6,"5":25,"6":25,"7":24,"8":6,"9":1},"b":{"1":[24,1]},"f":{"1":10,"2":6},"fnMap":{"1":{"name":"AnswerGenerator","line":3,"loc":{"start":{"line":3,"column":0},"end":{"line":3,"column":27}}},"2":{"name":"(anonymous_2)","line":7,"loc":{"start":{"line":7,"column":42},"end":{"line":7,"column":53}}}},"statementMap":{"1":{"start":{"line":3,"column":0},"end":{"line":5,"column":1}},"2":{"start":{"line":4,"column":4},"end":{"line":4,"column":21}},"3":{"start":{"line":7,"column":0},"end":{"line":17,"column":1}},"4":{"start":{"line":8,"column":4},"end":{"line":14,"column":5}},"5":{"start":{"line":9,"column":8},"end":{"line":9,"column":51}},"6":{"start":{"line":11,"column":8},"end":{"line":13,"column":9}},"7":{"start":{"line":12,"column":12},"end":{"line":12,"column":33}},"8":{"start":{"line":16,"column":4},"end":{"line":16,"column":23}},"9":{"start":{"line":19,"column":0},"end":{"line":19,"column":33}}},"branchMap":{"1":{"line":11,"type":"if","locations":[{"start":{"line":11,"column":8},"end":{"line":11,"column":8}},{"start":{"line":11,"column":8},"end":{"line":11,"column":8}}]}}},"/home/lyt/repos/guess-number-javascript/spec/compareNumber_spec.js":{"path":"/home/lyt/repos/guess-number-javascript/spec/compareNumber_spec.js","s":{"1":1,"2":1,"3":1,"4":1,"5":1,"6":1,"7":1,"8":1,"9":1,"10":1,"11":1,"12":1,"13":1,"14":1,"15":1,"16":1,"17":1,"18":1,"19":1,"20":1,"21":1,"22":1},"b":{},"f":{"1":1,"2":1,"3":1,"4":1,"5":1,"6":1},"fnMap":{"1":{"name":"(anonymous_1)","line":5,"loc":{"start":{"line":5,"column":26},"end":{"line":5,"column":37}}},"2":{"name":"(anonymous_2)","line":6,"loc":{"start":{"line":6,"column":32},"end":{"line":6,"column":43}}},"3":{"name":"(anonymous_3)","line":13,"loc":{"start":{"line":13,"column":54},"end":{"line":13,"column":65}}},"4":{"name":"(anonymous_4)","line":20,"loc":{"start":{"line":20,"column":71},"end":{"line":20,"column":82}}},"5":{"name":"(anonymous_5)","line":27,"loc":{"start":{"line":27,"column":66},"end":{"line":27,"column":77}}},"6":{"name":"(anonymous_6)","line":34,"loc":{"start":{"line":34,"column":54},"end":{"line":34,"column":65}}}},"statementMap":{"1":{"start":{"line":3,"column":0},"end":{"line":3,"column":61}},"2":{"start":{"line":5,"column":0},"end":{"line":41,"column":3}},"3":{"start":{"line":6,"column":4},"end":{"line":11,"column":7}},"4":{"start":{"line":7,"column":8},"end":{"line":7,"column":54}},"5":{"start":{"line":8,"column":8},"end":{"line":8,"column":54}},"6":{"start":{"line":10,"column":8},"end":{"line":10,"column":39}},"7":{"start":{"line":13,"column":4},"end":{"line":18,"column":7}},"8":{"start":{"line":14,"column":8},"end":{"line":14,"column":54}},"9":{"start":{"line":15,"column":8},"end":{"line":15,"column":54}},"10":{"start":{"line":17,"column":8},"end":{"line":17,"column":39}},"11":{"start":{"line":20,"column":4},"end":{"line":25,"column":7}},"12":{"start":{"line":21,"column":8},"end":{"line":21,"column":54}},"13":{"start":{"line":22,"column":8},"end":{"line":22,"column":54}},"14":{"start":{"line":24,"column":8},"end":{"line":24,"column":39}},"15":{"start":{"line":27,"column":4},"end":{"line":32,"column":7}},"16":{"start":{"line":28,"column":8},"end":{"line":28,"column":54}},"17":{"start":{"line":29,"column":8},"end":{"line":29,"column":54}},"18":{"start":{"line":31,"column":8},"end":{"line":31,"column":39}},"19":{"start":{"line":34,"column":4},"end":{"line":39,"column":7}},"20":{"start":{"line":35,"column":8},"end":{"line":35,"column":54}},"21":{"start":{"line":36,"column":8},"end":{"line":36,"column":54}},"22":{"start":{"line":38,"column":8},"end":{"line":38,"column":39}}},"branchMap":{}},"/home/lyt/repos/guess-number-javascript/practices/compareNumber.js":{"path":"/home/lyt/repos/guess-number-javascript/practices/compareNumber.js","s":{"1":1,"2":11,"3":1,"4":7,"5":7,"6":28,"7":12,"8":16,"9":8,"10":7,"11":1},"b":{"1":[12,16],"2":[8,8]},"f":{"1":11,"2":7},"fnMap":{"1":{"name":"CompareNumber","line":3,"loc":{"start":{"line":3,"column":0},"end":{"line":3,"column":33}}},"2":{"name":"(anonymous_2)","line":7,"loc":{"start":{"line":7,"column":37},"end":{"line":7,"column":56}}}},"statementMap":{"1":{"start":{"line":3,"column":0},"end":{"line":5,"column":1}},"2":{"start":{"line":4,"column":4},"end":{"line":4,"column":29}},"3":{"start":{"line":7,"column":0},"end":{"line":19,"column":1}},"4":{"start":{"line":8,"column":4},"end":{"line":8,"column":21}},"5":{"start":{"line":10,"column":4},"end":{"line":16,"column":5}},"6":{"start":{"line":11,"column":8},"end":{"line":15,"column":9}},"7":{"start":{"line":12,"column":12},"end":{"line":12,"column":16}},"8":{"start":{"line":13,"column":14},"end":{"line":15,"column":9}},"9":{"start":{"line":14,"column":12},"end":{"line":14,"column":16}},"10":{"start":{"line":18,"column":4},"end":{"line":18,"column":23}},"11":{"start":{"line":21,"column":0},"end":{"line":21,"column":31}}},"branchMap":{"1":{"line":11,"type":"if","locations":[{"start":{"line":11,"column":8},"end":{"line":11,"column":8}},{"start":{"line":11,"column":8},"end":{"line":11,"column":8}}]},"2":{"line":13,"type":"if","locations":[{"start":{"line":13,"column":14},"end":{"line":13,"column":14}},{"start":{"line":13,"column":14},"end":{"line":13,"column":14}}]}}},"/home/lyt/repos/guess-number-javascript/spec/guess_integration_spec.js":{"path":"/home/lyt/repos/guess-number-javascript/spec/guess_integration_spec.js","s":{"1":1,"2":1,"3":1,"4":1,"5":1,"6":2,"7":8,"8":1,"9":1,"10":1,"11":1,"12":1,"13":1,"14":1,"15":1,"16":1,"17":1,"18":1},"b":{},"f":{"1":1,"2":2,"3":8,"4":1,"5":1},"fnMap":{"1":{"name":"(anonymous_1)","line":5,"loc":{"start":{"line":5,"column":31},"end":{"line":5,"column":42}}},"2":{"name":"(anonymous_2)","line":9,"loc":{"start":{"line":9,"column":15},"end":{"line":9,"column":26}}},"3":{"name":"(anonymous_3)","line":10,"loc":{"start":{"line":10,"column":43},"end":{"line":10,"column":54}}},"4":{"name":"(anonymous_4)","line":15,"loc":{"start":{"line":15,"column":33},"end":{"line":15,"column":44}}},"5":{"name":"(anonymous_5)","line":24,"loc":{"start":{"line":24,"column":33},"end":{"line":24,"column":44}}}},"statementMap":{"1":{"start":{"line":3,"column":0},"end":{"line":3,"column":45}},"2":{"start":{"line":5,"column":0},"end":{"line":33,"column":2}},"3":{"start":{"line":6,"column":4},"end":{"line":6,"column":20}},"4":{"start":{"line":7,"column":4},"end":{"line":7,"column":14}},"5":{"start":{"line":9,"column":4},"end":{"line":13,"column":6}},"6":{"start":{"line":10,"column":8},"end":{"line":12,"column":11}},"7":{"start":{"line":11,"column":12},"end":{"line":11,"column":36}},"8":{"start":{"line":15,"column":4},"end":{"line":22,"column":7}},"9":{"start":{"line":16,"column":8},"end":{"line":16,"column":51}},"10":{"start":{"line":18,"column":8},"end":{"line":18,"column":32}},"11":{"start":{"line":19,"column":8},"end":{"line":19,"column":43}},"12":{"start":{"line":21,"column":8},"end":{"line":21,"column":39}},"13":{"start":{"line":24,"column":4},"end":{"line":32,"column":6}},"14":{"start":{"line":25,"column":8},"end":{"line":25,"column":14}},"15":{"start":{"line":26,"column":8},"end":{"line":26,"column":51}},"16":{"start":{"line":28,"column":8},"end":{"line":28,"column":32}},"17":{"start":{"line":29,"column":8},"end":{"line":29,"column":43}},"18":{"start":{"line":31,"column":8},"end":{"line":31,"column":39}}},"branchMap":{}},"/home/lyt/repos/guess-number-javascript/practices/guess.js":{"path":"/home/lyt/repos/guess-number-javascript/practices/guess.js","s":{"1":1,"2":1,"3":1,"4":6,"5":1,"6":6,"7":6,"8":1},"b":{},"f":{"1":6,"2":6},"fnMap":{"1":{"name":"Guess","line":6,"loc":{"start":{"line":6,"column":0},"end":{"line":6,"column":17}}},"2":{"name":"(anonymous_2)","line":10,"loc":{"start":{"line":10,"column":26},"end":{"line":10,"column":42}}}},"statementMap":{"1":{"start":{"line":3,"column":0},"end":{"line":3,"column":54}},"2":{"start":{"line":4,"column":0},"end":{"line":4,"column":50}},"3":{"start":{"line":6,"column":0},"end":{"line":8,"column":1}},"4":{"start":{"line":7,"column":4},"end":{"line":7,"column":59}},"5":{"start":{"line":10,"column":0},"end":{"line":14,"column":1}},"6":{"start":{"line":11,"column":4},"end":{"line":11,"column":57}},"7":{"start":{"line":13,"column":4},"end":{"line":13,"column":43}},"8":{"start":{"line":16,"column":0},"end":{"line":16,"column":23}}},"branchMap":{}},"/home/lyt/repos/guess-number-javascript/spec/guess_unit_spec.js":{"path":"/home/lyt/repos/guess-number-javascript/spec/guess_unit_spec.js","s":{"1":1,"2":1,"3":1,"4":1,"5":1,"6":1,"7":1,"8":1,"9":4,"10":4,"11":4,"12":4,"13":4,"14":1,"15":1,"16":1,"17":1,"18":1,"19":1,"20":1,"21":1,"22":1,"23":1,"24":1,"25":1,"26":1,"27":1,"28":1,"29":1,"30":1,"31":1,"32":1,"33":1,"34":1,"35":1,"36":1,"37":1,"38":1,"39":1,"40":1,"41":1},"b":{"1":[4,0]},"f":{"1":1,"2":4,"3":4,"4":4,"5":1,"6":1,"7":1,"8":1},"fnMap":{"1":{"name":"(anonymous_1)","line":7,"loc":{"start":{"line":7,"column":23},"end":{"line":7,"column":34}}},"2":{"name":"(anonymous_2)","line":12,"loc":{"start":{"line":12,"column":15},"end":{"line":12,"column":26}}},"3":{"name":"(anonymous_3)","line":13,"loc":{"start":{"line":13,"column":71},"end":{"line":13,"column":82}}},"4":{"name":"(anonymous_4)","line":17,"loc":{"start":{"line":17,"column":66},"end":{"line":17,"column":82}}},"5":{"name":"(anonymous_5)","line":25,"loc":{"start":{"line":25,"column":41},"end":{"line":25,"column":52}}},"6":{"name":"(anonymous_6)","line":36,"loc":{"start":{"line":36,"column":41},"end":{"line":36,"column":52}}},"7":{"name":"(anonymous_7)","line":47,"loc":{"start":{"line":47,"column":41},"end":{"line":47,"column":51}}},"8":{"name":"(anonymous_8)","line":58,"loc":{"start":{"line":58,"column":41},"end":{"line":58,"column":52}}}},"statementMap":{"1":{"start":{"line":3,"column":0},"end":{"line":3,"column":45}},"2":{"start":{"line":4,"column":0},"end":{"line":4,"column":65}},"3":{"start":{"line":5,"column":0},"end":{"line":5,"column":61}},"4":{"start":{"line":7,"column":0},"end":{"line":69,"column":3}},"5":{"start":{"line":8,"column":4},"end":{"line":8,"column":23}},"6":{"start":{"line":9,"column":4},"end":{"line":9,"column":24}},"7":{"start":{"line":10,"column":4},"end":{"line":10,"column":17}},"8":{"start":{"line":12,"column":4},"end":{"line":23,"column":7}},"9":{"start":{"line":13,"column":8},"end":{"line":15,"column":11}},"10":{"start":{"line":14,"column":12},"end":{"line":14,"column":34}},"11":{"start":{"line":17,"column":8},"end":{"line":22,"column":11}},"12":{"start":{"line":18,"column":12},"end":{"line":20,"column":13}},"13":{"start":{"line":19,"column":16},"end":{"line":19,"column":39}},"14":{"start":{"line":25,"column":4},"end":{"line":34,"column":7}},"15":{"start":{"line":26,"column":8},"end":{"line":26,"column":32}},"16":{"start":{"line":27,"column":8},"end":{"line":27,"column":32}},"17":{"start":{"line":28,"column":8},"end":{"line":28,"column":25}},"18":{"start":{"line":30,"column":8},"end":{"line":30,"column":32}},"19":{"start":{"line":31,"column":8},"end":{"line":31,"column":43}},"20":{"start":{"line":33,"column":8},"end":{"line":33,"column":39}},"21":{"start":{"line":36,"column":4},"end":{"line":45,"column":7}},"22":{"start":{"line":37,"column":8},"end":{"line":37,"column":32}},"23":{"start":{"line":38,"column":8},"end":{"line":38,"column":32}},"24":{"start":{"line":39,"column":8},"end":{"line":39,"column":25}},"25":{"start":{"line":41,"column":8},"end":{"line":41,"column":32}},"26":{"start":{"line":42,"column":8},"end":{"line":42,"column":43}},"27":{"start":{"line":44,"column":8},"end":{"line":44,"column":39}},"28":{"start":{"line":47,"column":4},"end":{"line":56,"column":7}},"29":{"start":{"line":48,"column":8},"end":{"line":48,"column":32}},"30":{"start":{"line":49,"column":8},"end":{"line":49,"column":32}},"31":{"start":{"line":50,"column":8},"end":{"line":50,"column":25}},"32":{"start":{"line":52,"column":8},"end":{"line":52,"column":32}},"33":{"start":{"line":53,"column":8},"end":{"line":53,"column":43}},"34":{"start":{"line":55,"column":8},"end":{"line":55,"column":39}},"35":{"start":{"line":58,"column":4},"end":{"line":67,"column":7}},"36":{"start":{"line":59,"column":8},"end":{"line":59,"column":32}},"37":{"start":{"line":60,"column":8},"end":{"line":60,"column":32}},"38":{"start":{"line":61,"column":8},"end":{"line":61,"column":25}},"39":{"start":{"line":63,"column":8},"end":{"line":63,"column":32}},"40":{"start":{"line":64,"column":8},"end":{"line":64,"column":43}},"41":{"start":{"line":66,"column":8},"end":{"line":66,"column":39}}},"branchMap":{"1":{"line":18,"type":"if","locations":[{"start":{"line":18,"column":12},"end":{"line":18,"column":12}},{"start":{"line":18,"column":12},"end":{"line":18,"column":12}}]}}}}