{"/home/lyt/repos/guess-number-javascript/spec/answerGenerator_spec.js":{"path":"/home/lyt/repos/guess-number-javascript/spec/answerGenerator_spec.js","s":{"1":1,"2":1,"3":1,"4":1,"5":1,"6":1,"7":1,"8":4,"9":4,"10":17,"11":1,"12":1,"13":1,"14":1,"15":1,"16":1,"17":1,"18":1,"19":1,"20":1,"21":1,"22":1,"23":1,"24":1,"25":1,"26":1},"b":{},"f":{"1":1,"2":1,"3":4,"4":17,"5":1,"6":1,"7":1,"8":1},"fnMap":{"1":{"name":"(anonymous_1)","line":5,"loc":{"start":{"line":5,"column":28},"end":{"line":5,"column":39}}},"2":{"name":"(anonymous_2)","line":6,"loc":{"start":{"line":6,"column":33},"end":{"line":6,"column":44}}},"3":{"name":"(anonymous_3)","line":11,"loc":{"start":{"line":11,"column":19},"end":{"line":11,"column":30}}},"4":{"name":"(anonymous_4)","line":13,"loc":{"start":{"line":13,"column":47},"end":{"line":13,"column":58}}},"5":{"name":"(anonymous_5)","line":18,"loc":{"start":{"line":18,"column":26},"end":{"line":18,"column":37}}},"6":{"name":"(anonymous_6)","line":26,"loc":{"start":{"line":26,"column":24},"end":{"line":26,"column":35}}},"7":{"name":"(anonymous_7)","line":33,"loc":{"start":{"line":33,"column":26},"end":{"line":33,"column":37}}},"8":{"name":"(anonymous_8)","line":40,"loc":{"start":{"line":40,"column":21},"end":{"line":40,"column":32}}}},"statementMap":{"1":{"start":{"line":3,"column":0},"end":{"line":3,"column":65}},"2":{"start":{"line":5,"column":0},"end":{"line":47,"column":3}},"3":{"start":{"line":6,"column":4},"end":{"line":46,"column":7}},"4":{"start":{"line":7,"column":8},"end":{"line":7,"column":52}},"5":{"start":{"line":8,"column":8},"end":{"line":8,"column":24}},"6":{"start":{"line":9,"column":8},"end":{"line":9,"column":18}},"7":{"start":{"line":11,"column":8},"end":{"line":16,"column":11}},"8":{"start":{"line":12,"column":12},"end":{"line":12,"column":18}},"9":{"start":{"line":13,"column":12},"end":{"line":15,"column":15}},"10":{"start":{"line":14,"column":16},"end":{"line":14,"column":40}},"11":{"start":{"line":18,"column":8},"end":{"line":24,"column":11}},"12":{"start":{"line":19,"column":12},"end":{"line":19,"column":55}},"13":{"start":{"line":21,"column":12},"end":{"line":21,"column":57}},"14":{"start":{"line":23,"column":12},"end":{"line":23,"column":43}},"15":{"start":{"line":26,"column":8},"end":{"line":31,"column":11}},"16":{"start":{"line":27,"column":12},"end":{"line":27,"column":55}},"17":{"start":{"line":28,"column":12},"end":{"line":28,"column":57}},"18":{"start":{"line":30,"column":12},"end":{"line":30,"column":43}},"19":{"start":{"line":33,"column":8},"end":{"line":38,"column":11}},"20":{"start":{"line":34,"column":12},"end":{"line":34,"column":72}},"21":{"start":{"line":35,"column":12},"end":{"line":35,"column":57}},"22":{"start":{"line":37,"column":12},"end":{"line":37,"column":43}},"23":{"start":{"line":40,"column":8},"end":{"line":45,"column":11}},"24":{"start":{"line":41,"column":12},"end":{"line":41,"column":72}},"25":{"start":{"line":42,"column":12},"end":{"line":42,"column":57}},"26":{"start":{"line":44,"column":12},"end":{"line":44,"column":43}}},"branchMap":{}},"/home/lyt/repos/guess-number-javascript/practices/answerGenerator.js":{"path":"/home/lyt/repos/guess-number-javascript/practices/answerGenerator.js","s":{"1":1,"2":1,"3":6,"4":6,"5":25,"6":25,"7":24,"8":6,"9":1},"b":{"1":[24,1]},"f":{"1":7,"2":6},"fnMap":{"1":{"name":"AnswerGenerator","line":3,"loc":{"start":{"line":3,"column":0},"end":{"line":3,"column":27}}},"2":{"name":"(anonymous_2)","line":5,"loc":{"start":{"line":5,"column":42},"end":{"line":5,"column":53}}}},"statementMap":{"1":{"start":{"line":3,"column":0},"end":{"line":3,"column":29}},"2":{"start":{"line":5,"column":0},"end":{"line":16,"column":1}},"3":{"start":{"line":6,"column":4},"end":{"line":6,"column":20}},"4":{"start":{"line":7,"column":4},"end":{"line":13,"column":5}},"5":{"start":{"line":8,"column":8},"end":{"line":8,"column":51}},"6":{"start":{"line":10,"column":8},"end":{"line":12,"column":9}},"7":{"start":{"line":11,"column":12},"end":{"line":11,"column":28}},"8":{"start":{"line":15,"column":4},"end":{"line":15,"column":18}},"9":{"start":{"line":18,"column":0},"end":{"line":18,"column":33}}},"branchMap":{"1":{"line":10,"type":"if","locations":[{"start":{"line":10,"column":8},"end":{"line":10,"column":8}},{"start":{"line":10,"column":8},"end":{"line":10,"column":8}}]}}},"/home/lyt/repos/guess-number-javascript/spec/compareNumber_spec.js":{"path":"/home/lyt/repos/guess-number-javascript/spec/compareNumber_spec.js","s":{"1":1,"2":1,"3":1,"4":1,"5":1,"6":1,"7":1,"8":1,"9":1,"10":1,"11":1,"12":1,"13":1,"14":1,"15":1,"16":1,"17":1,"18":1,"19":1,"20":1},"b":{},"f":{"1":1,"2":1,"3":1,"4":1,"5":1,"6":1,"7":1},"fnMap":{"1":{"name":"(anonymous_1)","line":5,"loc":{"start":{"line":5,"column":26},"end":{"line":5,"column":37}}},"2":{"name":"(anonymous_2)","line":6,"loc":{"start":{"line":6,"column":30},"end":{"line":6,"column":41}}},"3":{"name":"(anonymous_3)","line":9,"loc":{"start":{"line":9,"column":36},"end":{"line":9,"column":47}}},"4":{"name":"(anonymous_4)","line":16,"loc":{"start":{"line":16,"column":44},"end":{"line":16,"column":55}}},"5":{"name":"(anonymous_5)","line":22,"loc":{"start":{"line":22,"column":61},"end":{"line":22,"column":72}}},"6":{"name":"(anonymous_6)","line":28,"loc":{"start":{"line":28,"column":56},"end":{"line":28,"column":67}}},"7":{"name":"(anonymous_7)","line":34,"loc":{"start":{"line":34,"column":44},"end":{"line":34,"column":55}}}},"statementMap":{"1":{"start":{"line":3,"column":0},"end":{"line":3,"column":61}},"2":{"start":{"line":5,"column":0},"end":{"line":40,"column":3}},"3":{"start":{"line":6,"column":4},"end":{"line":39,"column":6}},"4":{"start":{"line":7,"column":8},"end":{"line":7,"column":48}},"5":{"start":{"line":9,"column":8},"end":{"line":14,"column":11}},"6":{"start":{"line":10,"column":12},"end":{"line":10,"column":52}},"7":{"start":{"line":11,"column":12},"end":{"line":11,"column":66}},"8":{"start":{"line":13,"column":12},"end":{"line":13,"column":43}},"9":{"start":{"line":16,"column":8},"end":{"line":20,"column":11}},"10":{"start":{"line":17,"column":12},"end":{"line":17,"column":66}},"11":{"start":{"line":19,"column":12},"end":{"line":19,"column":43}},"12":{"start":{"line":22,"column":8},"end":{"line":26,"column":11}},"13":{"start":{"line":23,"column":12},"end":{"line":23,"column":66}},"14":{"start":{"line":25,"column":12},"end":{"line":25,"column":43}},"15":{"start":{"line":28,"column":8},"end":{"line":32,"column":11}},"16":{"start":{"line":29,"column":12},"end":{"line":29,"column":66}},"17":{"start":{"line":31,"column":12},"end":{"line":31,"column":43}},"18":{"start":{"line":34,"column":8},"end":{"line":38,"column":11}},"19":{"start":{"line":35,"column":12},"end":{"line":35,"column":66}},"20":{"start":{"line":37,"column":12},"end":{"line":37,"column":43}}},"branchMap":{}},"/home/lyt/repos/guess-number-javascript/practices/compareNumber.js":{"path":"/home/lyt/repos/guess-number-javascript/practices/compareNumber.js","s":{"1":1,"2":1,"3":7,"4":7,"5":28,"6":12,"7":16,"8":8,"9":7,"10":1},"b":{"1":[12,16],"2":[8,8]},"f":{"1":8,"2":7,"3":28},"fnMap":{"1":{"name":"CompareNumber","line":3,"loc":{"start":{"line":3,"column":0},"end":{"line":3,"column":33}}},"2":{"name":"(anonymous_2)","line":5,"loc":{"start":{"line":5,"column":37},"end":{"line":5,"column":66}}},"3":{"name":"(anonymous_3)","line":8,"loc":{"start":{"line":8,"column":31},"end":{"line":8,"column":50}}}},"statementMap":{"1":{"start":{"line":3,"column":0},"end":{"line":3,"column":35}},"2":{"start":{"line":5,"column":0},"end":{"line":17,"column":1}},"3":{"start":{"line":6,"column":4},"end":{"line":6,"column":21}},"4":{"start":{"line":8,"column":4},"end":{"line":14,"column":7}},"5":{"start":{"line":9,"column":8},"end":{"line":13,"column":9}},"6":{"start":{"line":10,"column":12},"end":{"line":10,"column":16}},"7":{"start":{"line":11,"column":14},"end":{"line":13,"column":9}},"8":{"start":{"line":12,"column":12},"end":{"line":12,"column":16}},"9":{"start":{"line":16,"column":4},"end":{"line":16,"column":23}},"10":{"start":{"line":19,"column":0},"end":{"line":19,"column":31}}},"branchMap":{"1":{"line":9,"type":"if","locations":[{"start":{"line":9,"column":8},"end":{"line":9,"column":8}},{"start":{"line":9,"column":8},"end":{"line":9,"column":8}}]},"2":{"line":11,"type":"if","locations":[{"start":{"line":11,"column":14},"end":{"line":11,"column":14}},{"start":{"line":11,"column":14},"end":{"line":11,"column":14}}]}}},"/home/lyt/repos/guess-number-javascript/spec/guess_integration_spec.js":{"path":"/home/lyt/repos/guess-number-javascript/spec/guess_integration_spec.js","s":{"1":1,"2":1,"3":1,"4":1,"5":1,"6":1,"7":2,"8":2,"9":8,"10":1,"11":1,"12":1,"13":1,"14":1,"15":1,"16":1,"17":1,"18":1,"19":1},"b":{},"f":{"1":1,"2":1,"3":2,"4":8,"5":1,"6":1},"fnMap":{"1":{"name":"(anonymous_1)","line":5,"loc":{"start":{"line":5,"column":31},"end":{"line":5,"column":42}}},"2":{"name":"(anonymous_2)","line":6,"loc":{"start":{"line":6,"column":27},"end":{"line":6,"column":38}}},"3":{"name":"(anonymous_3)","line":10,"loc":{"start":{"line":10,"column":19},"end":{"line":10,"column":30}}},"4":{"name":"(anonymous_4)","line":12,"loc":{"start":{"line":12,"column":47},"end":{"line":12,"column":58}}},"5":{"name":"(anonymous_5)","line":17,"loc":{"start":{"line":17,"column":26},"end":{"line":17,"column":37}}},"6":{"name":"(anonymous_6)","line":26,"loc":{"start":{"line":26,"column":26},"end":{"line":26,"column":37}}}},"statementMap":{"1":{"start":{"line":3,"column":0},"end":{"line":3,"column":45}},"2":{"start":{"line":5,"column":0},"end":{"line":35,"column":3}},"3":{"start":{"line":6,"column":4},"end":{"line":34,"column":7}},"4":{"start":{"line":7,"column":8},"end":{"line":7,"column":24}},"5":{"start":{"line":8,"column":8},"end":{"line":8,"column":18}},"6":{"start":{"line":10,"column":8},"end":{"line":15,"column":10}},"7":{"start":{"line":11,"column":12},"end":{"line":11,"column":18}},"8":{"start":{"line":12,"column":12},"end":{"line":14,"column":15}},"9":{"start":{"line":13,"column":16},"end":{"line":13,"column":40}},"10":{"start":{"line":17,"column":8},"end":{"line":24,"column":11}},"11":{"start":{"line":18,"column":12},"end":{"line":18,"column":55}},"12":{"start":{"line":20,"column":12},"end":{"line":20,"column":36}},"13":{"start":{"line":21,"column":12},"end":{"line":21,"column":47}},"14":{"start":{"line":23,"column":12},"end":{"line":23,"column":43}},"15":{"start":{"line":26,"column":8},"end":{"line":33,"column":11}},"16":{"start":{"line":27,"column":12},"end":{"line":27,"column":55}},"17":{"start":{"line":29,"column":12},"end":{"line":29,"column":36}},"18":{"start":{"line":30,"column":12},"end":{"line":30,"column":47}},"19":{"start":{"line":32,"column":12},"end":{"line":32,"column":43}}},"branchMap":{}},"/home/lyt/repos/guess-number-javascript/practices/guess.js":{"path":"/home/lyt/repos/guess-number-javascript/practices/guess.js","s":{"1":1,"2":1,"3":1,"4":6,"5":1,"6":6,"7":6,"8":1},"b":{},"f":{"1":6,"2":6},"fnMap":{"1":{"name":"Guess","line":6,"loc":{"start":{"line":6,"column":0},"end":{"line":6,"column":17}}},"2":{"name":"(anonymous_2)","line":10,"loc":{"start":{"line":10,"column":26},"end":{"line":10,"column":42}}}},"statementMap":{"1":{"start":{"line":3,"column":0},"end":{"line":3,"column":54}},"2":{"start":{"line":4,"column":0},"end":{"line":4,"column":50}},"3":{"start":{"line":6,"column":0},"end":{"line":8,"column":1}},"4":{"start":{"line":7,"column":4},"end":{"line":7,"column":59}},"5":{"start":{"line":10,"column":0},"end":{"line":14,"column":1}},"6":{"start":{"line":11,"column":4},"end":{"line":11,"column":43}},"7":{"start":{"line":13,"column":4},"end":{"line":13,"column":59}},"8":{"start":{"line":16,"column":0},"end":{"line":16,"column":23}}},"branchMap":{}},"/home/lyt/repos/guess-number-javascript/spec/guess_unit_spec.js":{"path":"/home/lyt/repos/guess-number-javascript/spec/guess_unit_spec.js","s":{"1":1,"2":1,"3":1,"4":1,"5":1,"6":1,"7":1,"8":1,"9":1,"10":4,"11":4,"12":4,"13":4,"14":4,"15":1,"16":1,"17":1,"18":1,"19":1,"20":1,"21":1,"22":1,"23":1,"24":1,"25":1,"26":1,"27":1,"28":1,"29":1,"30":1,"31":1,"32":1,"33":1,"34":1,"35":1,"36":1,"37":1,"38":1,"39":1,"40":1,"41":1,"42":1},"b":{"1":[4,0]},"f":{"1":1,"2":1,"3":4,"4":4,"5":4,"6":1,"7":1,"8":1,"9":1},"fnMap":{"1":{"name":"(anonymous_1)","line":7,"loc":{"start":{"line":7,"column":23},"end":{"line":7,"column":34}}},"2":{"name":"(anonymous_2)","line":8,"loc":{"start":{"line":8,"column":27},"end":{"line":8,"column":38}}},"3":{"name":"(anonymous_3)","line":13,"loc":{"start":{"line":13,"column":19},"end":{"line":13,"column":30}}},"4":{"name":"(anonymous_4)","line":14,"loc":{"start":{"line":14,"column":75},"end":{"line":14,"column":86}}},"5":{"name":"(anonymous_5)","line":18,"loc":{"start":{"line":18,"column":70},"end":{"line":18,"column":86}}},"6":{"name":"(anonymous_6)","line":25,"loc":{"start":{"line":25,"column":34},"end":{"line":25,"column":45}}},"7":{"name":"(anonymous_7)","line":36,"loc":{"start":{"line":36,"column":34},"end":{"line":36,"column":45}}},"8":{"name":"(anonymous_8)","line":47,"loc":{"start":{"line":47,"column":34},"end":{"line":47,"column":44}}},"9":{"name":"(anonymous_9)","line":58,"loc":{"start":{"line":58,"column":34},"end":{"line":58,"column":45}}}},"statementMap":{"1":{"start":{"line":3,"column":0},"end":{"line":3,"column":45}},"2":{"start":{"line":4,"column":0},"end":{"line":4,"column":65}},"3":{"start":{"line":5,"column":0},"end":{"line":5,"column":61}},"4":{"start":{"line":7,"column":0},"end":{"line":69,"column":3}},"5":{"start":{"line":8,"column":4},"end":{"line":68,"column":7}},"6":{"start":{"line":9,"column":8},"end":{"line":9,"column":27}},"7":{"start":{"line":10,"column":8},"end":{"line":10,"column":28}},"8":{"start":{"line":11,"column":8},"end":{"line":11,"column":21}},"9":{"start":{"line":13,"column":8},"end":{"line":23,"column":11}},"10":{"start":{"line":14,"column":12},"end":{"line":16,"column":15}},"11":{"start":{"line":15,"column":16},"end":{"line":15,"column":38}},"12":{"start":{"line":18,"column":12},"end":{"line":22,"column":15}},"13":{"start":{"line":19,"column":16},"end":{"line":21,"column":17}},"14":{"start":{"line":20,"column":20},"end":{"line":20,"column":43}},"15":{"start":{"line":25,"column":8},"end":{"line":34,"column":11}},"16":{"start":{"line":26,"column":12},"end":{"line":26,"column":36}},"17":{"start":{"line":27,"column":12},"end":{"line":27,"column":36}},"18":{"start":{"line":28,"column":12},"end":{"line":28,"column":29}},"19":{"start":{"line":30,"column":12},"end":{"line":30,"column":36}},"20":{"start":{"line":31,"column":12},"end":{"line":31,"column":47}},"21":{"start":{"line":33,"column":12},"end":{"line":33,"column":43}},"22":{"start":{"line":36,"column":8},"end":{"line":45,"column":11}},"23":{"start":{"line":37,"column":12},"end":{"line":37,"column":36}},"24":{"start":{"line":38,"column":12},"end":{"line":38,"column":36}},"25":{"start":{"line":39,"column":12},"end":{"line":39,"column":29}},"26":{"start":{"line":41,"column":12},"end":{"line":41,"column":36}},"27":{"start":{"line":42,"column":12},"end":{"line":42,"column":47}},"28":{"start":{"line":44,"column":12},"end":{"line":44,"column":43}},"29":{"start":{"line":47,"column":8},"end":{"line":56,"column":11}},"30":{"start":{"line":48,"column":12},"end":{"line":48,"column":36}},"31":{"start":{"line":49,"column":12},"end":{"line":49,"column":36}},"32":{"start":{"line":50,"column":12},"end":{"line":50,"column":29}},"33":{"start":{"line":52,"column":12},"end":{"line":52,"column":36}},"34":{"start":{"line":53,"column":12},"end":{"line":53,"column":47}},"35":{"start":{"line":55,"column":12},"end":{"line":55,"column":43}},"36":{"start":{"line":58,"column":8},"end":{"line":67,"column":11}},"37":{"start":{"line":59,"column":12},"end":{"line":59,"column":36}},"38":{"start":{"line":60,"column":12},"end":{"line":60,"column":36}},"39":{"start":{"line":61,"column":12},"end":{"line":61,"column":29}},"40":{"start":{"line":63,"column":12},"end":{"line":63,"column":36}},"41":{"start":{"line":64,"column":12},"end":{"line":64,"column":47}},"42":{"start":{"line":66,"column":12},"end":{"line":66,"column":43}}},"branchMap":{"1":{"line":19,"type":"if","locations":[{"start":{"line":19,"column":16},"end":{"line":19,"column":16}},{"start":{"line":19,"column":16},"end":{"line":19,"column":16}}]}}}}