TN:
SF:/home/lyt/repos/guess-number-javascript/spec/answerGenerator_spec.js
FN:5,(anonymous_1)
FN:9,(anonymous_2)
FN:10,(anonymous_3)
FN:15,(anonymous_4)
FN:24,(anonymous_5)
FN:33,(anonymous_6)
FN:42,(anonymous_7)
FNF:7
FNH:7
FNDA:1,(anonymous_1)
FNDA:4,(anonymous_2)
FNDA:17,(anonymous_3)
FNDA:1,(anonymous_4)
FNDA:1,(anonymous_5)
FNDA:1,(anonymous_6)
FNDA:1,(anonymous_7)
DA:3,1
DA:5,1
DA:6,1
DA:7,1
DA:9,1
DA:10,4
DA:11,17
DA:15,1
DA:16,1
DA:17,1
DA:18,1
DA:19,1
DA:21,1
DA:24,1
DA:25,1
DA:26,1
DA:27,1
DA:28,1
DA:30,1
DA:33,1
DA:34,1
DA:35,1
DA:36,1
DA:37,1
DA:39,1
DA:42,1
DA:43,1
DA:44,1
DA:45,1
DA:46,1
DA:48,1
LF:31
LH:31
BRF:0
BRH:0
end_of_record
TN:
SF:/home/lyt/repos/guess-number-javascript/practices/answerGenerator.js
FN:3,AnswerGenerator
FN:7,(anonymous_2)
FNF:2
FNH:2
FNDA:10,AnswerGenerator
FNDA:6,(anonymous_2)
DA:3,1
DA:4,10
DA:7,1
DA:8,6
DA:9,25
DA:11,25
DA:12,24
DA:16,6
DA:19,1
LF:9
LH:9
BRDA:11,1,0,24
BRDA:11,1,1,1
BRF:2
BRH:2
end_of_record
TN:
SF:/home/lyt/repos/guess-number-javascript/spec/compareNumber_spec.js
FN:5,(anonymous_1)
FN:6,(anonymous_2)
FN:13,(anonymous_3)
FN:20,(anonymous_4)
FN:27,(anonymous_5)
FN:34,(anonymous_6)
FNF:6
FNH:6
FNDA:1,(anonymous_1)
FNDA:1,(anonymous_2)
FNDA:1,(anonymous_3)
FNDA:1,(anonymous_4)
FNDA:1,(anonymous_5)
FNDA:1,(anonymous_6)
DA:3,1
DA:5,1
DA:6,1
DA:7,1
DA:8,1
DA:10,1
DA:13,1
DA:14,1
DA:15,1
DA:17,1
DA:20,1
DA:21,1
DA:22,1
DA:24,1
DA:27,1
DA:28,1
DA:29,1
DA:31,1
DA:34,1
DA:35,1
DA:36,1
DA:38,1
LF:22
LH:22
BRF:0
BRH:0
end_of_record
TN:
SF:/home/lyt/repos/guess-number-javascript/practices/compareNumber.js
FN:3,CompareNumber
FN:7,(anonymous_2)
FNF:2
FNH:2
FNDA:11,CompareNumber
FNDA:7,(anonymous_2)
DA:3,1
DA:4,11
DA:7,1
DA:8,7
DA:10,7
DA:11,28
DA:12,12
DA:13,16
DA:14,8
DA:18,7
DA:21,1
LF:11
LH:11
BRDA:11,1,0,12
BRDA:11,1,1,16
BRDA:13,2,0,8
BRDA:13,2,1,8
BRF:4
BRH:4
end_of_record
TN:
SF:/home/lyt/repos/guess-number-javascript/spec/guess_integration_spec.js
FN:5,(anonymous_1)
FN:9,(anonymous_2)
FN:10,(anonymous_3)
FN:15,(anonymous_4)
FN:24,(anonymous_5)
FNF:5
FNH:5
FNDA:1,(anonymous_1)
FNDA:2,(anonymous_2)
FNDA:8,(anonymous_3)
FNDA:1,(anonymous_4)
FNDA:1,(anonymous_5)
DA:3,1
DA:5,1
DA:6,1
DA:7,1
DA:9,1
DA:10,2
DA:11,8
DA:15,1
DA:16,1
DA:18,1
DA:19,1
DA:21,1
DA:24,1
DA:25,1
DA:26,1
DA:28,1
DA:29,1
DA:31,1
LF:18
LH:18
BRF:0
BRH:0
end_of_record
TN:
SF:/home/lyt/repos/guess-number-javascript/practices/guess.js
FN:6,Guess
FN:10,(anonymous_2)
FNF:2
FNH:2
FNDA:6,Guess
FNDA:6,(anonymous_2)
DA:3,1
DA:4,1
DA:6,1
DA:7,6
DA:10,1
DA:11,6
DA:13,6
DA:16,1
LF:8
LH:8
BRF:0
BRH:0
end_of_record
TN:
SF:/home/lyt/repos/guess-number-javascript/spec/guess_unit_spec.js
FN:7,(anonymous_1)
FN:12,(anonymous_2)
FN:13,(anonymous_3)
FN:17,(anonymous_4)
FN:25,(anonymous_5)
FN:36,(anonymous_6)
FN:47,(anonymous_7)
FN:58,(anonymous_8)
FNF:8
FNH:8
FNDA:1,(anonymous_1)
FNDA:4,(anonymous_2)
FNDA:4,(anonymous_3)
FNDA:4,(anonymous_4)
FNDA:1,(anonymous_5)
FNDA:1,(anonymous_6)
FNDA:1,(anonymous_7)
FNDA:1,(anonymous_8)
DA:3,1
DA:4,1
DA:5,1
DA:7,1
DA:8,1
DA:9,1
DA:10,1
DA:12,1
DA:13,4
DA:14,4
DA:17,4
DA:18,4
DA:19,4
DA:25,1
DA:26,1
DA:27,1
DA:28,1
DA:30,1
DA:31,1
DA:33,1
DA:36,1
DA:37,1
DA:38,1
DA:39,1
DA:41,1
DA:42,1
DA:44,1
DA:47,1
DA:48,1
DA:49,1
DA:50,1
DA:52,1
DA:53,1
DA:55,1
DA:58,1
DA:59,1
DA:60,1
DA:61,1
DA:63,1
DA:64,1
DA:66,1
LF:41
LH:41
BRDA:18,1,0,4
BRDA:18,1,1,0
BRF:2
BRH:1
end_of_record
